\BOOKMARK [1][-]{section.1}{Introduction}{}% 1
\BOOKMARK [1][-]{section.2}{Image Transformation and Tensorflow}{}% 2
\BOOKMARK [1][-]{section.3}{Keras and Convolutional Neural Networks}{}% 3
\BOOKMARK [2][-]{subsection.3.1}{Keras}{section.3}% 4
\BOOKMARK [2][-]{subsection.3.2}{Neural Networks}{section.3}% 5
\BOOKMARK [2][-]{subsection.3.3}{Convolutional Neural Networks \(CNN\)}{section.3}% 6
\BOOKMARK [3][-]{subsubsection.3.3.1}{Convolution layers}{subsection.3.3}% 7
\BOOKMARK [3][-]{subsubsection.3.3.2}{Subsampling and Pooling Layers}{subsection.3.3}% 8
\BOOKMARK [3][-]{subsubsection.3.3.3}{Dropout layers}{subsection.3.3}% 9
\BOOKMARK [3][-]{subsubsection.3.3.4}{Challenges}{subsection.3.3}% 10
\BOOKMARK [2][-]{subsection.3.4}{CNN's with Medical Images}{section.3}% 11
\BOOKMARK [2][-]{subsection.3.5}{Model 1}{section.3}% 12
\BOOKMARK [2][-]{subsection.3.6}{Model 2}{section.3}% 13
\BOOKMARK [2][-]{subsection.3.7}{Model 3}{section.3}% 14
\BOOKMARK [2][-]{subsection.3.8}{Results}{section.3}% 15
\BOOKMARK [1][-]{section.4}{Conclusion and Future Work}{}% 16
\BOOKMARK [1][-]{section.5}{Appendix}{}% 17
\BOOKMARK [2][-]{subsection.5.1}{Image Transformation and Tensorflow}{section.5}% 18
\BOOKMARK [2][-]{subsection.5.2}{Convolutional Neural Networks \(CNN\) with Medical Images}{section.5}% 19
\BOOKMARK [3][-]{subsubsection.5.2.1}{Model 1}{subsection.5.2}% 20
\BOOKMARK [3][-]{subsubsection.5.2.2}{Model 2}{subsection.5.2}% 21
\BOOKMARK [3][-]{subsubsection.5.2.3}{Model 3}{subsection.5.2}% 22
\BOOKMARK [3][-]{subsubsection.5.2.4}{Testing Results}{subsection.5.2}% 23
